  BaseObject.cpp
C:\Users\Admin\Documents\GameSDL2VSCode\GameSDL2VSCode\CommonFunction.h(43,2): warning C4091: 'typedef ': ignored on left of 'Input' when no variable is declared
  (compiling source file '/BaseObject.cpp')
  
  BulletObject.cpp
C:\Users\Admin\Documents\GameSDL2VSCode\GameSDL2VSCode\CommonFunction.h(43,2): warning C4091: 'typedef ': ignored on left of 'Input' when no variable is declared
  (compiling source file '/BulletObject.cpp')
  
  CommonFunction.cpp
C:\Users\Admin\Documents\GameSDL2VSCode\GameSDL2VSCode\CommonFunction.h(43,2): warning C4091: 'typedef ': ignored on left of 'Input' when no variable is declared
  (compiling source file '/CommonFunction.cpp')
  
  ExplosionObject.cpp
C:\Users\Admin\Documents\GameSDL2VSCode\GameSDL2VSCode\CommonFunction.h(43,2): warning C4091: 'typedef ': ignored on left of 'Input' when no variable is declared
  (compiling source file '/ExplosionObject.cpp')
  
  game_map.cpp
C:\Users\Admin\Documents\GameSDL2VSCode\GameSDL2VSCode\CommonFunction.h(43,2): warning C4091: 'typedef ': ignored on left of 'Input' when no variable is declared
  (compiling source file '/game_map.cpp')
  
  ImpTimer.cpp
C:\Users\Admin\Documents\GameSDL2VSCode\GameSDL2VSCode\CommonFunction.h(43,2): warning C4091: 'typedef ': ignored on left of 'Input' when no variable is declared
  (compiling source file '/ImpTimer.cpp')
  
  main.cpp
C:\Users\Admin\Documents\GameSDL2VSCode\GameSDL2VSCode\CommonFunction.h(43,2): warning C4091: 'typedef ': ignored on left of 'Input' when no variable is declared
  (compiling source file '/main.cpp')
  
C:\Users\Admin\Documents\GameSDL2VSCode\GameSDL2VSCode\ThreatsObject.h(12,1): warning C4005: 'GRAVITY_SPEED': macro redefinition
  (compiling source file '/main.cpp')
  C:\Users\Admin\Documents\GameSDL2VSCode\GameSDL2VSCode\MainObject.h(9,1):
  see previous definition of 'GRAVITY_SPEED'
  
C:\Users\Admin\Documents\GameSDL2VSCode\GameSDL2VSCode\ThreatsObject.h(15,1): warning C4005: 'PLAYER_SPEED': macro redefinition
  (compiling source file '/main.cpp')
  C:\Users\Admin\Documents\GameSDL2VSCode\GameSDL2VSCode\MainObject.h(11,1):
  see previous definition of 'PLAYER_SPEED'
  
C:\Users\Admin\Documents\GameSDL2VSCode\GameSDL2VSCode\ThreatsObject.h(16,1): warning C4005: 'PLAYER_HIGHT_VAL': macro redefinition
  (compiling source file '/main.cpp')
  C:\Users\Admin\Documents\GameSDL2VSCode\GameSDL2VSCode\MainObject.h(12,1):
  see previous definition of 'PLAYER_HIGHT_VAL'
  
C:\Users\Admin\Documents\GameSDL2VSCode\GameSDL2VSCode\ThreatsObject.h(33,26): warning C4244: 'return': conversion from 'float' to 'int', possible loss of data
  (compiling source file '/main.cpp')
  
C:\Users\Admin\Documents\GameSDL2VSCode\GameSDL2VSCode\ThreatsObject.h(34,26): warning C4244: 'return': conversion from 'float' to 'int', possible loss of data
  (compiling source file '/main.cpp')
  
C:\Users\Admin\Documents\GameSDL2VSCode\GameSDL2VSCode\main.cpp(82,27): warning C4244: 'argument': conversion from 'int' to 'const float', possible loss of data
  (compiling source file '/main.cpp')
  
C:\Users\Admin\Documents\GameSDL2VSCode\GameSDL2VSCode\main.cpp(178,19): warning C4018: '<': signed/unsigned mismatch
  (compiling source file '/main.cpp')
  
C:\Users\Admin\Documents\GameSDL2VSCode\GameSDL2VSCode\main.cpp(237,19): warning C4018: '<': signed/unsigned mismatch
  (compiling source file '/main.cpp')
  
C:\Users\Admin\Documents\GameSDL2VSCode\GameSDL2VSCode\main.cpp(242,21): warning C4018: '<': signed/unsigned mismatch
  (compiling source file '/main.cpp')
  
C:\Users\Admin\Documents\GameSDL2VSCode\GameSDL2VSCode\main.cpp(260,19): warning C4244: 'initializing': conversion from 'double' to 'int', possible loss of data
  (compiling source file '/main.cpp')
  
C:\Users\Admin\Documents\GameSDL2VSCode\GameSDL2VSCode\main.cpp(261,19): warning C4244: 'initializing': conversion from 'double' to 'int', possible loss of data
  (compiling source file '/main.cpp')
  
C:\Users\Admin\Documents\GameSDL2VSCode\GameSDL2VSCode\main.cpp(287,18): warning C4018: '<': signed/unsigned mismatch
  (compiling source file '/main.cpp')
  
  MainObject.cpp
C:\Users\Admin\Documents\GameSDL2VSCode\GameSDL2VSCode\CommonFunction.h(43,2): warning C4091: 'typedef ': ignored on left of 'Input' when no variable is declared
  (compiling source file '/MainObject.cpp')
  
C:\Users\Admin\Documents\GameSDL2VSCode\GameSDL2VSCode\MainObject.cpp(105,46): warning C4244: 'argument': conversion from 'double' to 'const int', possible loss of data
  (compiling source file '/MainObject.cpp')
  
C:\Users\Admin\Documents\GameSDL2VSCode\GameSDL2VSCode\MainObject.cpp(110,66): warning C4244: 'argument': conversion from 'double' to 'const int', possible loss of data
  (compiling source file '/MainObject.cpp')
  
C:\Users\Admin\Documents\GameSDL2VSCode\GameSDL2VSCode\MainObject.cpp(172,20): warning C4018: '<': signed/unsigned mismatch
  (compiling source file '/MainObject.cpp')
  
C:\Users\Admin\Documents\GameSDL2VSCode\GameSDL2VSCode\MainObject.cpp(200,39): warning C4018: '<': signed/unsigned mismatch
  (compiling source file '/MainObject.cpp')
  
C:\Users\Admin\Documents\GameSDL2VSCode\GameSDL2VSCode\MainObject.cpp(324,20): warning C4244: '=': conversion from 'float' to 'int', possible loss of data
  (compiling source file '/MainObject.cpp')
  
C:\Users\Admin\Documents\GameSDL2VSCode\GameSDL2VSCode\MainObject.cpp(325,20): warning C4244: '=': conversion from 'float' to 'int', possible loss of data
  (compiling source file '/MainObject.cpp')
  
C:\Users\Admin\Documents\GameSDL2VSCode\GameSDL2VSCode\MainObject.cpp(341,26): warning C4305: '+=': truncation from 'double' to 'float'
  (compiling source file '/MainObject.cpp')
  
C:\Users\Admin\Documents\GameSDL2VSCode\GameSDL2VSCode\MainObject.cpp(398,26): warning C4244: '=': conversion from 'float' to 'int', possible loss of data
  (compiling source file '/MainObject.cpp')
  
C:\Users\Admin\Documents\GameSDL2VSCode\GameSDL2VSCode\MainObject.cpp(406,26): warning C4244: '=': conversion from 'float' to 'int', possible loss of data
  (compiling source file '/MainObject.cpp')
  
C:\Users\Admin\Documents\GameSDL2VSCode\GameSDL2VSCode\MainObject.cpp(425,25): warning C4244: '=': conversion from 'float' to 'int', possible loss of data
  (compiling source file '/MainObject.cpp')
  
C:\Users\Admin\Documents\GameSDL2VSCode\GameSDL2VSCode\MainObject.cpp(426,44): warning C4244: '=': conversion from 'float' to 'int', possible loss of data
  (compiling source file '/MainObject.cpp')
  
C:\Users\Admin\Documents\GameSDL2VSCode\GameSDL2VSCode\MainObject.cpp(428,16): warning C4244: '=': conversion from 'float' to 'int', possible loss of data
  (compiling source file '/MainObject.cpp')
  
C:\Users\Admin\Documents\GameSDL2VSCode\GameSDL2VSCode\MainObject.cpp(429,33): warning C4244: '=': conversion from 'float' to 'int', possible loss of data
  (compiling source file '/MainObject.cpp')
  
C:\Users\Admin\Documents\GameSDL2VSCode\GameSDL2VSCode\MainObject.cpp(453,18): warning C4244: '=': conversion from 'int' to 'float', possible loss of data
  (compiling source file '/MainObject.cpp')
  
C:\Users\Admin\Documents\GameSDL2VSCode\GameSDL2VSCode\MainObject.cpp(473,24): warning C4244: '=': conversion from 'int' to 'float', possible loss of data
  (compiling source file '/MainObject.cpp')
  
C:\Users\Admin\Documents\GameSDL2VSCode\GameSDL2VSCode\MainObject.cpp(483,16): warning C4244: '=': conversion from 'float' to 'int', possible loss of data
  (compiling source file '/MainObject.cpp')
  
C:\Users\Admin\Documents\GameSDL2VSCode\GameSDL2VSCode\MainObject.cpp(484,28): warning C4244: '=': conversion from 'float' to 'int', possible loss of data
  (compiling source file '/MainObject.cpp')
  
C:\Users\Admin\Documents\GameSDL2VSCode\GameSDL2VSCode\MainObject.cpp(486,25): warning C4244: '=': conversion from 'float' to 'int', possible loss of data
  (compiling source file '/MainObject.cpp')
  
C:\Users\Admin\Documents\GameSDL2VSCode\GameSDL2VSCode\MainObject.cpp(487,44): warning C4244: '=': conversion from 'float' to 'int', possible loss of data
  (compiling source file '/MainObject.cpp')
  
C:\Users\Admin\Documents\GameSDL2VSCode\GameSDL2VSCode\MainObject.cpp(506,18): warning C4244: '=': conversion from 'int' to 'float', possible loss of data
  (compiling source file '/MainObject.cpp')
  
C:\Users\Admin\Documents\GameSDL2VSCode\GameSDL2VSCode\MainObject.cpp(535,24): warning C4244: '=': conversion from 'int' to 'float', possible loss of data
  (compiling source file '/MainObject.cpp')
  
C:\Users\Admin\Documents\GameSDL2VSCode\GameSDL2VSCode\MainObject.cpp(552,40): warning C4244: '=': conversion from 'int' to 'float', possible loss of data
  (compiling source file '/MainObject.cpp')
  
  ThreatsObject.cpp
C:\Users\Admin\Documents\GameSDL2VSCode\GameSDL2VSCode\CommonFunction.h(43,2): warning C4091: 'typedef ': ignored on left of 'Input' when no variable is declared
  (compiling source file '/ThreatsObject.cpp')
  
C:\Users\Admin\Documents\GameSDL2VSCode\GameSDL2VSCode\ThreatsObject.h(33,26): warning C4244: 'return': conversion from 'float' to 'int', possible loss of data
  (compiling source file '/ThreatsObject.cpp')
  
C:\Users\Admin\Documents\GameSDL2VSCode\GameSDL2VSCode\ThreatsObject.h(34,26): warning C4244: 'return': conversion from 'float' to 'int', possible loss of data
  (compiling source file '/ThreatsObject.cpp')
  
C:\Users\Admin\Documents\GameSDL2VSCode\GameSDL2VSCode\ThreatsObject.cpp(62,41): warning C4244: 'argument': conversion from 'float' to 'const int', possible loss of data
  (compiling source file '/ThreatsObject.cpp')
  
C:\Users\Admin\Documents\GameSDL2VSCode\GameSDL2VSCode\ThreatsObject.cpp(62,27): warning C4244: 'argument': conversion from 'float' to 'const int', possible loss of data
  (compiling source file '/ThreatsObject.cpp')
  
C:\Users\Admin\Documents\GameSDL2VSCode\GameSDL2VSCode\ThreatsObject.cpp(87,21): warning C4018: '<': signed/unsigned mismatch
  (compiling source file '/ThreatsObject.cpp')
  
C:\Users\Admin\Documents\GameSDL2VSCode\GameSDL2VSCode\ThreatsObject.cpp(120,37): warning C4018: '<': signed/unsigned mismatch
  (compiling source file '/ThreatsObject.cpp')
  
C:\Users\Admin\Documents\GameSDL2VSCode\GameSDL2VSCode\ThreatsObject.cpp(345,25): warning C4244: '=': conversion from 'float' to 'int', possible loss of data
  (compiling source file '/ThreatsObject.cpp')
  
C:\Users\Admin\Documents\GameSDL2VSCode\GameSDL2VSCode\ThreatsObject.cpp(346,44): warning C4244: '=': conversion from 'float' to 'int', possible loss of data
  (compiling source file '/ThreatsObject.cpp')
  
C:\Users\Admin\Documents\GameSDL2VSCode\GameSDL2VSCode\ThreatsObject.cpp(348,16): warning C4244: '=': conversion from 'float' to 'int', possible loss of data
  (compiling source file '/ThreatsObject.cpp')
  
C:\Users\Admin\Documents\GameSDL2VSCode\GameSDL2VSCode\ThreatsObject.cpp(349,33): warning C4244: '=': conversion from 'float' to 'int', possible loss of data
  (compiling source file '/ThreatsObject.cpp')
  
C:\Users\Admin\Documents\GameSDL2VSCode\GameSDL2VSCode\ThreatsObject.cpp(363,17): warning C4244: '=': conversion from 'int' to 'float', possible loss of data
  (compiling source file '/ThreatsObject.cpp')
  
C:\Users\Admin\Documents\GameSDL2VSCode\GameSDL2VSCode\ThreatsObject.cpp(373,23): warning C4244: '=': conversion from 'int' to 'float', possible loss of data
  (compiling source file '/ThreatsObject.cpp')
  
C:\Users\Admin\Documents\GameSDL2VSCode\GameSDL2VSCode\ThreatsObject.cpp(383,16): warning C4244: '=': conversion from 'float' to 'int', possible loss of data
  (compiling source file '/ThreatsObject.cpp')
  
C:\Users\Admin\Documents\GameSDL2VSCode\GameSDL2VSCode\ThreatsObject.cpp(384,28): warning C4244: '=': conversion from 'float' to 'int', possible loss of data
  (compiling source file '/ThreatsObject.cpp')
  
C:\Users\Admin\Documents\GameSDL2VSCode\GameSDL2VSCode\ThreatsObject.cpp(386,25): warning C4244: '=': conversion from 'float' to 'int', possible loss of data
  (compiling source file '/ThreatsObject.cpp')
  
C:\Users\Admin\Documents\GameSDL2VSCode\GameSDL2VSCode\ThreatsObject.cpp(387,41): warning C4244: '=': conversion from 'float' to 'int', possible loss of data
  (compiling source file '/ThreatsObject.cpp')
  
C:\Users\Admin\Documents\GameSDL2VSCode\GameSDL2VSCode\ThreatsObject.cpp(397,17): warning C4244: '=': conversion from 'int' to 'float', possible loss of data
  (compiling source file '/ThreatsObject.cpp')
  
C:\Users\Admin\Documents\GameSDL2VSCode\GameSDL2VSCode\ThreatsObject.cpp(410,23): warning C4244: '=': conversion from 'int' to 'float', possible loss of data
  (compiling source file '/ThreatsObject.cpp')
  
C:\Users\Admin\Documents\GameSDL2VSCode\GameSDL2VSCode\ThreatsObject.cpp(427,40): warning C4244: '=': conversion from 'int' to 'float', possible loss of data
  (compiling source file '/ThreatsObject.cpp')
  
C:\Users\Admin\Documents\GameSDL2VSCode\GameSDL2VSCode\ThreatsObject.cpp(440,20): warning C4244: '=': conversion from 'float' to 'int', possible loss of data
  (compiling source file '/ThreatsObject.cpp')
  
C:\Users\Admin\Documents\GameSDL2VSCode\GameSDL2VSCode\ThreatsObject.cpp(441,19): warning C4244: '=': conversion from 'float' to 'int', possible loss of data
  (compiling source file '/ThreatsObject.cpp')
  
  Generating Code...
  GameSDL2VSCode.vcxproj -> C:\Users\Admin\Documents\GameSDL2VSCode\Debug\GameSDL2VSCode.exe
